The request analysis.setContextRoots failed with the following error:
RequestErrorCode.PLUGIN_ERROR
The environment "sdk" has incompatible version constraints in the project:
- ">=2.18.0-10.0.dev <3.0.0"
  from "flutter_test_app" at "./Users/changlifeng/Desktop/flutter_test_app/pubspec.yaml".

at:
#0      CustomLintWorkspace._writeEnvironment (package:custom_lint/src/workspace.dart:569:9)
#1      CustomLintWorkspace.computePubspec (package:custom_lint/src/workspace.dart:537:5)
#2      CustomLintWorkspace.resolvePluginHost (package:custom_lint/src/workspace.dart:797:28)
#3      SocketCustomLintServerToClientChannel._startProcess (package:custom_lint/src/v2/server_to_client_channel.dart:151:24)
#4      SocketCustomLintServerToClientChannel.init (package:custom_lint/src/v2/server_to_client_channel.dart:110:22)
#5      CustomLintServer._maybeSpawnCustomLintPlugin (package:custom_lint/src/v2/custom_lint_analyzer_plugin.dart:392:25)
<asynchronous suspension>
#6      CustomLintServer._handleAnalysisSetContextRoots.<anonymous closure> (package:custom_lint/src/v2/custom_lint_analyzer_plugin.dart:339:9)
<asynchronous suspension>
#7      PendingOperation.run (package:custom_lint/src/async_operation.dart:22:14)
<asynchronous suspension>
#8      CustomLintServer._handleRequest (package:custom_lint/src/v2/custom_lint_analyzer_plugin.dart:171:22)
<asynchronous suspension>

The request analysis.setContextRoots failed with the following error:
RequestErrorCode.PLUGIN_ERROR
The environment "sdk" has incompatible version constraints in the project:
- ">=2.18.0-10.0.dev <3.0.0"
  from "flutter_test_app" at "././pubspec.yaml".

at:
#0      CustomLintWorkspace._writeEnvironment (package:custom_lint/src/workspace.dart:569:9)
#1      CustomLintWorkspace.computePubspec (package:custom_lint/src/workspace.dart:537:5)
#2      CustomLintWorkspace.resolvePluginHost (package:custom_lint/src/workspace.dart:797:28)
#3      SocketCustomLintServerToClientChannel._startProcess (package:custom_lint/src/v2/server_to_client_channel.dart:151:24)
#4      SocketCustomLintServerToClientChannel.init (package:custom_lint/src/v2/server_to_client_channel.dart:110:22)
#5      CustomLintServer._maybeSpawnCustomLintPlugin (package:custom_lint/src/v2/custom_lint_analyzer_plugin.dart:392:25)
<asynchronous suspension>
#6      CustomLintServer._handleAnalysisSetContextRoots.<anonymous closure> (package:custom_lint/src/v2/custom_lint_analyzer_plugin.dart:339:9)
<asynchronous suspension>
#7      PendingOperation.run (package:custom_lint/src/async_operation.dart:22:14)
<asynchronous suspension>
#8      CustomLintServer._handleRequest (package:custom_lint/src/v2/custom_lint_analyzer_plugin.dart:171:22)
<asynchronous suspension>

[custom_lint] 2024-05-29T09:54:10.435302 _PrettyRequestFailure: {"code":"PLUGIN_ERROR","message":"The environment \"sdk\" has incompatible version constraints in the project:\n- \">=2.18.0-10.0.dev <3.0.0\"\n  from \"flutter_test_app\" at \"././pubspec.yaml\".\n","stackTrace":"#0      CustomLintWorkspace._writeEnvironment (package:custom_lint/src/workspace.dart:569:9)\n#1      CustomLintWorkspace.computePubspec (package:custom_lint/src/workspace.dart:537:5)\n#2      CustomLintWorkspace.resolvePluginHost (package:custom_lint/src/workspace.dart:797:28)\n#3      SocketCustomLintServerToClientChannel._startProcess (package:custom_lint/src/v2/server_to_client_channel.dart:151:24)\n#4      SocketCustomLintServerToClientChannel.init (package:custom_lint/src/v2/server_to_client_channel.dart:110:22)\n#5      CustomLintServer._maybeSpawnCustomLintPlugin (package:custom_lint/src/v2/custom_lint_analyzer_plugin.dart:392:25)\n<asynchronous suspension>\n#6      CustomLintServer._handleAnalysisSetContextRoots.<anonymous closure> (package:custom_lint/src/v2/custom_lint_analyzer_plugin.dart:339:9)\n<asynchronous suspension>\n#7      PendingOperation.run (package:custom_lint/src/async_operation.dart:22:14)\n<asynchronous suspension>\n#8      CustomLintServer._handleRequest (package:custom_lint/src/v2/custom_lint_analyzer_plugin.dart:171:22)\n<asynchronous suspension>\n"}
[custom_lint] 2024-05-29T09:54:10.435302 #0      ChannelBase.sendRequest (package:custom_lint/src/server_isolate_channel.dart:82:7)
[custom_lint] 2024-05-29T09:54:10.435302 <asynchronous suspension>
[custom_lint] 2024-05-29T09:54:10.435302 #1      CustomLintRunner.initialize.<anonymous closure> (package:custom_lint/src/runner.dart:43:5)
[custom_lint] 2024-05-29T09:54:10.435302 <asynchronous suspension>
[custom_lint] 2024-05-29T09:54:10.435302 #2      _runServer.<anonymous closure> (package:custom_lint/custom_lint.dart:96:7)
[custom_lint] 2024-05-29T09:54:10.435302 <asynchronous suspension>
[custom_lint] 2024-05-29T09:54:10.435302 #3      _AsyncCompleter.complete (dart:async/future_impl.dart:41:3)
[custom_lint] 2024-05-29T09:54:10.435302 <asynchronous suspension>
[custom_lint] 2024-05-29T09:54:10.435302 #4      _runServer.<anonymous closure> (package:custom_lint/custom_lint.dart:126:19)
[custom_lint] 2024-05-29T09:54:10.435302 <asynchronous suspension>
[custom_lint] 2024-05-29T09:54:10.435302 #5      _runServer (package:custom_lint/custom_lint.dart:86:3)
[custom_lint] 2024-05-29T09:54:10.435302 <asynchronous suspension>
[custom_lint] 2024-05-29T09:54:10.435302 #6      customLint (package:custom_lint/custom_lint.dart:50:5)
[custom_lint] 2024-05-29T09:54:10.435302 <asynchronous suspension>
[custom_lint] 2024-05-29T09:54:10.435302 #7      entrypoint (file:///Users/changlifeng/.pub-cache/hosted/pub.dev/custom_lint-0.6.4/bin/custom_lint.dart:68:3)
[custom_lint] 2024-05-29T09:54:10.435302 <asynchronous suspension>
[custom_lint] 2024-05-29T09:54:10.435302 #8      main (file:///Users/changlifeng/.pub-cache/hosted/pub.dev/custom_lint-0.6.4/bin/custom_lint.dart:80:5)
[custom_lint] 2024-05-29T09:54:10.435302 <asynchronous suspension>
[custom_lint] 2024-05-29T09:54:10.435302
The request analysis.setContextRoots failed with the following error:
RequestErrorCode.PLUGIN_ERROR
The environment "sdk" has incompatible version constraints in the project:
- ">=2.18.0-10.0.dev <3.0.0"
  from "flutter_test_app" at "./Users/changlifeng/Desktop/flutter_test_app/pubspec.yaml".

at:
#0      CustomLintWorkspace._writeEnvironment (package:custom_lint/src/workspace.dart:569:9)
#1      CustomLintWorkspace.computePubspec (package:custom_lint/src/workspace.dart:537:5)
#2      CustomLintWorkspace.resolvePluginHost (package:custom_lint/src/workspace.dart:797:28)
#3      SocketCustomLintServerToClientChannel._startProcess (package:custom_lint/src/v2/server_to_client_channel.dart:151:24)
#4      SocketCustomLintServerToClientChannel.init (package:custom_lint/src/v2/server_to_client_channel.dart:110:22)
#5      CustomLintServer._maybeSpawnCustomLintPlugin (package:custom_lint/src/v2/custom_lint_analyzer_plugin.dart:392:25)
<asynchronous suspension>
#6      CustomLintServer._handleAnalysisSetContextRoots.<anonymous closure> (package:custom_lint/src/v2/custom_lint_analyzer_plugin.dart:339:9)
<asynchronous suspension>
#7      PendingOperation.run (package:custom_lint/src/async_operation.dart:22:14)
<asynchronous suspension>
#8      CustomLintServer._handleRequest (package:custom_lint/src/v2/custom_lint_analyzer_plugin.dart:171:22)
<asynchronous suspension>

The request analysis.setContextRoots failed with the following error:
RequestErrorCode.PLUGIN_ERROR
The environment "sdk" has incompatible version constraints in the project:
- ">=2.18.0-10.0.dev <3.0.0"
  from "flutter_test_app" at "./Users/changlifeng/Desktop/flutter_test_app/pubspec.yaml".

at:
#0      CustomLintWorkspace._writeEnvironment (package:custom_lint/src/workspace.dart:569:9)
#1      CustomLintWorkspace.computePubspec (package:custom_lint/src/workspace.dart:537:5)
#2      CustomLintWorkspace.resolvePluginHost (package:custom_lint/src/workspace.dart:797:28)
#3      SocketCustomLintServerToClientChannel._startProcess (package:custom_lint/src/v2/server_to_client_channel.dart:151:24)
#4      SocketCustomLintServerToClientChannel.init (package:custom_lint/src/v2/server_to_client_channel.dart:110:22)
#5      CustomLintServer._maybeSpawnCustomLintPlugin (package:custom_lint/src/v2/custom_lint_analyzer_plugin.dart:392:25)
<asynchronous suspension>
#6      CustomLintServer._handleAnalysisSetContextRoots.<anonymous closure> (package:custom_lint/src/v2/custom_lint_analyzer_plugin.dart:339:9)
<asynchronous suspension>
#7      PendingOperation.run (package:custom_lint/src/async_operation.dart:22:14)
<asynchronous suspension>
#8      CustomLintServer._handleRequest (package:custom_lint/src/v2/custom_lint_analyzer_plugin.dart:171:22)
<asynchronous suspension>

The request analysis.setContextRoots failed with the following error:
RequestErrorCode.PLUGIN_ERROR
The environment "sdk" has incompatible version constraints in the project:
- ">=2.18.0-10.0.dev <3.0.0"
  from "flutter_test_app" at "./Users/changlifeng/Desktop/flutter_test_app/pubspec.yaml".

at:
#0      CustomLintWorkspace._writeEnvironment (package:custom_lint/src/workspace.dart:569:9)
#1      CustomLintWorkspace.computePubspec (package:custom_lint/src/workspace.dart:537:5)
#2      CustomLintWorkspace.resolvePluginHost (package:custom_lint/src/workspace.dart:797:28)
#3      SocketCustomLintServerToClientChannel._startProcess (package:custom_lint/src/v2/server_to_client_channel.dart:151:24)
#4      SocketCustomLintServerToClientChannel.init (package:custom_lint/src/v2/server_to_client_channel.dart:110:22)
#5      CustomLintServer._maybeSpawnCustomLintPlugin (package:custom_lint/src/v2/custom_lint_analyzer_plugin.dart:392:25)
<asynchronous suspension>
#6      CustomLintServer._handleAnalysisSetContextRoots.<anonymous closure> (package:custom_lint/src/v2/custom_lint_analyzer_plugin.dart:339:9)
<asynchronous suspension>
#7      PendingOperation.run (package:custom_lint/src/async_operation.dart:22:14)
<asynchronous suspension>
#8      CustomLintServer._handleRequest (package:custom_lint/src/v2/custom_lint_analyzer_plugin.dart:171:22)
<asynchronous suspension>

The request analysis.setContextRoots failed with the following error:
RequestErrorCode.PLUGIN_ERROR
The environment "sdk" has incompatible version constraints in the project:
- ">=2.18.0-10.0.dev <3.0.0"
  from "flutter_test_app" at "./Users/changlifeng/Desktop/flutter_test_app/pubspec.yaml".

at:
#0      CustomLintWorkspace._writeEnvironment (package:custom_lint/src/workspace.dart:569:9)
#1      CustomLintWorkspace.computePubspec (package:custom_lint/src/workspace.dart:537:5)
#2      CustomLintWorkspace.resolvePluginHost (package:custom_lint/src/workspace.dart:797:28)
#3      SocketCustomLintServerToClientChannel._startProcess (package:custom_lint/src/v2/server_to_client_channel.dart:151:24)
#4      SocketCustomLintServerToClientChannel.init (package:custom_lint/src/v2/server_to_client_channel.dart:110:22)
#5      CustomLintServer._maybeSpawnCustomLintPlugin (package:custom_lint/src/v2/custom_lint_analyzer_plugin.dart:392:25)
<asynchronous suspension>
#6      CustomLintServer._handleAnalysisSetContextRoots.<anonymous closure> (package:custom_lint/src/v2/custom_lint_analyzer_plugin.dart:339:9)
<asynchronous suspension>
#7      PendingOperation.run (package:custom_lint/src/async_operation.dart:22:14)
<asynchronous suspension>
#8      CustomLintServer._handleRequest (package:custom_lint/src/v2/custom_lint_analyzer_plugin.dart:171:22)
<asynchronous suspension>

The request analysis.setContextRoots failed with the following error:
RequestErrorCode.PLUGIN_ERROR
The environment "sdk" has incompatible version constraints in the project:
- ">=2.18.0-10.0.dev <3.0.0"
  from "flutter_test_app" at "./Users/changlifeng/Desktop/flutter_test_app/pubspec.yaml".

at:
#0      CustomLintWorkspace._writeEnvironment (package:custom_lint/src/workspace.dart:569:9)
#1      CustomLintWorkspace.computePubspec (package:custom_lint/src/workspace.dart:537:5)
#2      CustomLintWorkspace.resolvePluginHost (package:custom_lint/src/workspace.dart:797:28)
#3      SocketCustomLintServerToClientChannel._startProcess (package:custom_lint/src/v2/server_to_client_channel.dart:151:24)
#4      SocketCustomLintServerToClientChannel.init (package:custom_lint/src/v2/server_to_client_channel.dart:110:22)
#5      CustomLintServer._maybeSpawnCustomLintPlugin (package:custom_lint/src/v2/custom_lint_analyzer_plugin.dart:392:25)
<asynchronous suspension>
#6      CustomLintServer._handleAnalysisSetContextRoots.<anonymous closure> (package:custom_lint/src/v2/custom_lint_analyzer_plugin.dart:339:9)
<asynchronous suspension>
#7      PendingOperation.run (package:custom_lint/src/async_operation.dart:22:14)
<asynchronous suspension>
#8      CustomLintServer._handleRequest (package:custom_lint/src/v2/custom_lint_analyzer_plugin.dart:171:22)
<asynchronous suspension>

The request analysis.setContextRoots failed with the following error:
RequestErrorCode.PLUGIN_ERROR
The environment "sdk" has incompatible version constraints in the project:
- ">=2.18.0-10.0.dev <3.0.0"
  from "flutter_test_app" at "./Users/changlifeng/Desktop/flutter_test_app/pubspec.yaml".

at:
#0      CustomLintWorkspace._writeEnvironment (package:custom_lint/src/workspace.dart:569:9)
#1      CustomLintWorkspace.computePubspec (package:custom_lint/src/workspace.dart:537:5)
#2      CustomLintWorkspace.resolvePluginHost (package:custom_lint/src/workspace.dart:797:28)
#3      SocketCustomLintServerToClientChannel._startProcess (package:custom_lint/src/v2/server_to_client_channel.dart:151:24)
#4      SocketCustomLintServerToClientChannel.init (package:custom_lint/src/v2/server_to_client_channel.dart:110:22)
#5      CustomLintServer._maybeSpawnCustomLintPlugin (package:custom_lint/src/v2/custom_lint_analyzer_plugin.dart:392:25)
<asynchronous suspension>
#6      CustomLintServer._handleAnalysisSetContextRoots.<anonymous closure> (package:custom_lint/src/v2/custom_lint_analyzer_plugin.dart:339:9)
<asynchronous suspension>
#7      PendingOperation.run (package:custom_lint/src/async_operation.dart:22:14)
<asynchronous suspension>
#8      CustomLintServer._handleRequest (package:custom_lint/src/v2/custom_lint_analyzer_plugin.dart:171:22)
<asynchronous suspension>

The request analysis.setContextRoots failed with the following error:
RequestErrorCode.PLUGIN_ERROR
The environment "sdk" has incompatible version constraints in the project:
- ">=2.18.0-10.0.dev <3.0.0"
  from "flutter_test_app" at "./Users/changlifeng/Desktop/flutter_test_app/pubspec.yaml".

at:
#0      CustomLintWorkspace._writeEnvironment (package:custom_lint/src/workspace.dart:569:9)
#1      CustomLintWorkspace.computePubspec (package:custom_lint/src/workspace.dart:537:5)
#2      CustomLintWorkspace.resolvePluginHost (package:custom_lint/src/workspace.dart:797:28)
#3      SocketCustomLintServerToClientChannel._startProcess (package:custom_lint/src/v2/server_to_client_channel.dart:151:24)
#4      SocketCustomLintServerToClientChannel.init (package:custom_lint/src/v2/server_to_client_channel.dart:110:22)
#5      CustomLintServer._maybeSpawnCustomLintPlugin (package:custom_lint/src/v2/custom_lint_analyzer_plugin.dart:392:25)
<asynchronous suspension>
#6      CustomLintServer._handleAnalysisSetContextRoots.<anonymous closure> (package:custom_lint/src/v2/custom_lint_analyzer_plugin.dart:339:9)
<asynchronous suspension>
#7      PendingOperation.run (package:custom_lint/src/async_operation.dart:22:14)
<asynchronous suspension>
#8      CustomLintServer._handleRequest (package:custom_lint/src/v2/custom_lint_analyzer_plugin.dart:171:22)
<asynchronous suspension>

The request analysis.setContextRoots failed with the following error:
RequestErrorCode.PLUGIN_ERROR
The environment "sdk" has incompatible version constraints in the project:
- ">=2.18.0-10.0.dev <3.0.0"
  from "flutter_test_app" at "././pubspec.yaml".

at:
#0      CustomLintWorkspace._writeEnvironment (package:custom_lint/src/workspace.dart:569:9)
#1      CustomLintWorkspace.computePubspec (package:custom_lint/src/workspace.dart:537:5)
#2      CustomLintWorkspace.resolvePluginHost (package:custom_lint/src/workspace.dart:797:28)
#3      SocketCustomLintServerToClientChannel._startProcess (package:custom_lint/src/v2/server_to_client_channel.dart:151:24)
#4      SocketCustomLintServerToClientChannel.init (package:custom_lint/src/v2/server_to_client_channel.dart:110:22)
#5      CustomLintServer._maybeSpawnCustomLintPlugin (package:custom_lint/src/v2/custom_lint_analyzer_plugin.dart:392:25)
<asynchronous suspension>
#6      CustomLintServer._handleAnalysisSetContextRoots.<anonymous closure> (package:custom_lint/src/v2/custom_lint_analyzer_plugin.dart:339:9)
<asynchronous suspension>
#7      PendingOperation.run (package:custom_lint/src/async_operation.dart:22:14)
<asynchronous suspension>
#8      CustomLintServer._handleRequest (package:custom_lint/src/v2/custom_lint_analyzer_plugin.dart:171:22)
<asynchronous suspension>

[custom_lint] 2024-05-30T12:09:59.939470 _PrettyRequestFailure: {"code":"PLUGIN_ERROR","message":"The environment \"sdk\" has incompatible version constraints in the project:\n- \">=2.18.0-10.0.dev <3.0.0\"\n  from \"flutter_test_app\" at \"././pubspec.yaml\".\n","stackTrace":"#0      CustomLintWorkspace._writeEnvironment (package:custom_lint/src/workspace.dart:569:9)\n#1      CustomLintWorkspace.computePubspec (package:custom_lint/src/workspace.dart:537:5)\n#2      CustomLintWorkspace.resolvePluginHost (package:custom_lint/src/workspace.dart:797:28)\n#3      SocketCustomLintServerToClientChannel._startProcess (package:custom_lint/src/v2/server_to_client_channel.dart:151:24)\n#4      SocketCustomLintServerToClientChannel.init (package:custom_lint/src/v2/server_to_client_channel.dart:110:22)\n#5      CustomLintServer._maybeSpawnCustomLintPlugin (package:custom_lint/src/v2/custom_lint_analyzer_plugin.dart:392:25)\n<asynchronous suspension>\n#6      CustomLintServer._handleAnalysisSetContextRoots.<anonymous closure> (package:custom_lint/src/v2/custom_lint_analyzer_plugin.dart:339:9)\n<asynchronous suspension>\n#7      PendingOperation.run (package:custom_lint/src/async_operation.dart:22:14)\n<asynchronous suspension>\n#8      CustomLintServer._handleRequest (package:custom_lint/src/v2/custom_lint_analyzer_plugin.dart:171:22)\n<asynchronous suspension>\n"}
[custom_lint] 2024-05-30T12:09:59.939470 #0      ChannelBase.sendRequest (package:custom_lint/src/server_isolate_channel.dart:82:7)
[custom_lint] 2024-05-30T12:09:59.939470 <asynchronous suspension>
[custom_lint] 2024-05-30T12:09:59.939470 #1      CustomLintRunner.initialize.<anonymous closure> (package:custom_lint/src/runner.dart:43:5)
[custom_lint] 2024-05-30T12:09:59.939470 <asynchronous suspension>
[custom_lint] 2024-05-30T12:09:59.939470 #2      _runServer.<anonymous closure> (package:custom_lint/custom_lint.dart:96:7)
[custom_lint] 2024-05-30T12:09:59.939470 <asynchronous suspension>
[custom_lint] 2024-05-30T12:09:59.939470 #3      _AsyncCompleter.complete (dart:async/future_impl.dart:41:3)
[custom_lint] 2024-05-30T12:09:59.939470 <asynchronous suspension>
[custom_lint] 2024-05-30T12:09:59.939470 #4      _runServer.<anonymous closure> (package:custom_lint/custom_lint.dart:126:19)
[custom_lint] 2024-05-30T12:09:59.939470 <asynchronous suspension>
[custom_lint] 2024-05-30T12:09:59.939470 #5      _runServer (package:custom_lint/custom_lint.dart:86:3)
[custom_lint] 2024-05-30T12:09:59.939470 <asynchronous suspension>
[custom_lint] 2024-05-30T12:09:59.939470 #6      customLint (package:custom_lint/custom_lint.dart:50:5)
[custom_lint] 2024-05-30T12:09:59.939470 <asynchronous suspension>
[custom_lint] 2024-05-30T12:09:59.939470 #7      entrypoint (file:///Users/changlifeng/.pub-cache/hosted/pub.dev/custom_lint-0.6.4/bin/custom_lint.dart:68:3)
[custom_lint] 2024-05-30T12:09:59.939470 <asynchronous suspension>
[custom_lint] 2024-05-30T12:09:59.939470 #8      main (file:///Users/changlifeng/.pub-cache/hosted/pub.dev/custom_lint-0.6.4/bin/custom_lint.dart:80:5)
[custom_lint] 2024-05-30T12:09:59.939470 <asynchronous suspension>
[custom_lint] 2024-05-30T12:09:59.939470
The request analysis.setContextRoots failed with the following error:
RequestErrorCode.PLUGIN_ERROR
The environment "sdk" has incompatible version constraints in the project:
- ">=2.18.0-10.0.dev <3.0.0"
  from "flutter_test_app" at "./Users/changlifeng/Desktop/flutter_test_app/pubspec.yaml".

at:
#0      CustomLintWorkspace._writeEnvironment (package:custom_lint/src/workspace.dart:569:9)
#1      CustomLintWorkspace.computePubspec (package:custom_lint/src/workspace.dart:537:5)
#2      CustomLintWorkspace.resolvePluginHost (package:custom_lint/src/workspace.dart:797:28)
#3      SocketCustomLintServerToClientChannel._startProcess (package:custom_lint/src/v2/server_to_client_channel.dart:151:24)
#4      SocketCustomLintServerToClientChannel.init (package:custom_lint/src/v2/server_to_client_channel.dart:110:22)
#5      CustomLintServer._maybeSpawnCustomLintPlugin (package:custom_lint/src/v2/custom_lint_analyzer_plugin.dart:392:25)
<asynchronous suspension>
#6      CustomLintServer._handleAnalysisSetContextRoots.<anonymous closure> (package:custom_lint/src/v2/custom_lint_analyzer_plugin.dart:339:9)
<asynchronous suspension>
#7      PendingOperation.run (package:custom_lint/src/async_operation.dart:22:14)
<asynchronous suspension>
#8      CustomLintServer._handleRequest (package:custom_lint/src/v2/custom_lint_analyzer_plugin.dart:171:22)
<asynchronous suspension>

The request analysis.setContextRoots failed with the following error:
RequestErrorCode.PLUGIN_ERROR
The environment "sdk" has incompatible version constraints in the project:
- ">=2.18.0-10.0.dev <3.0.0"
  from "flutter_test_app" at "./Users/changlifeng/Desktop/flutter_test_app/pubspec.yaml".

at:
#0      CustomLintWorkspace._writeEnvironment (package:custom_lint/src/workspace.dart:569:9)
#1      CustomLintWorkspace.computePubspec (package:custom_lint/src/workspace.dart:537:5)
#2      CustomLintWorkspace.resolvePluginHost (package:custom_lint/src/workspace.dart:797:28)
#3      SocketCustomLintServerToClientChannel._startProcess (package:custom_lint/src/v2/server_to_client_channel.dart:151:24)
#4      SocketCustomLintServerToClientChannel.init (package:custom_lint/src/v2/server_to_client_channel.dart:110:22)
#5      CustomLintServer._maybeSpawnCustomLintPlugin (package:custom_lint/src/v2/custom_lint_analyzer_plugin.dart:392:25)
<asynchronous suspension>
#6      CustomLintServer._handleAnalysisSetContextRoots.<anonymous closure> (package:custom_lint/src/v2/custom_lint_analyzer_plugin.dart:339:9)
<asynchronous suspension>
#7      PendingOperation.run (package:custom_lint/src/async_operation.dart:22:14)
<asynchronous suspension>
#8      CustomLintServer._handleRequest (package:custom_lint/src/v2/custom_lint_analyzer_plugin.dart:171:22)
<asynchronous suspension>

The request analysis.setContextRoots failed with the following error:
RequestErrorCode.PLUGIN_ERROR
The environment "sdk" has incompatible version constraints in the project:
- ">=2.18.0-10.0.dev <3.0.0"
  from "flutter_test_app" at "./Users/changlifeng/Desktop/flutter_test_app/pubspec.yaml".

at:
#0      CustomLintWorkspace._writeEnvironment (package:custom_lint/src/workspace.dart:569:9)
#1      CustomLintWorkspace.computePubspec (package:custom_lint/src/workspace.dart:537:5)
#2      CustomLintWorkspace.resolvePluginHost (package:custom_lint/src/workspace.dart:797:28)
#3      SocketCustomLintServerToClientChannel._startProcess (package:custom_lint/src/v2/server_to_client_channel.dart:151:24)
#4      SocketCustomLintServerToClientChannel.init (package:custom_lint/src/v2/server_to_client_channel.dart:110:22)
#5      CustomLintServer._maybeSpawnCustomLintPlugin (package:custom_lint/src/v2/custom_lint_analyzer_plugin.dart:392:25)
<asynchronous suspension>
#6      CustomLintServer._handleAnalysisSetContextRoots.<anonymous closure> (package:custom_lint/src/v2/custom_lint_analyzer_plugin.dart:339:9)
<asynchronous suspension>
#7      PendingOperation.run (package:custom_lint/src/async_operation.dart:22:14)
<asynchronous suspension>
#8      CustomLintServer._handleRequest (package:custom_lint/src/v2/custom_lint_analyzer_plugin.dart:171:22)
<asynchronous suspension>

The request analysis.setContextRoots failed with the following error:
RequestErrorCode.PLUGIN_ERROR
The environment "sdk" has incompatible version constraints in the project:
- ">=2.18.0-10.0.dev <3.0.0"
  from "flutter_test_app" at "./Users/changlifeng/Desktop/flutter_test_app/pubspec.yaml".

at:
#0      CustomLintWorkspace._writeEnvironment (package:custom_lint/src/workspace.dart:569:9)
#1      CustomLintWorkspace.computePubspec (package:custom_lint/src/workspace.dart:537:5)
#2      CustomLintWorkspace.resolvePluginHost (package:custom_lint/src/workspace.dart:797:28)
#3      SocketCustomLintServerToClientChannel._startProcess (package:custom_lint/src/v2/server_to_client_channel.dart:151:24)
#4      SocketCustomLintServerToClientChannel.init (package:custom_lint/src/v2/server_to_client_channel.dart:110:22)
#5      CustomLintServer._maybeSpawnCustomLintPlugin (package:custom_lint/src/v2/custom_lint_analyzer_plugin.dart:392:25)
<asynchronous suspension>
#6      CustomLintServer._handleAnalysisSetContextRoots.<anonymous closure> (package:custom_lint/src/v2/custom_lint_analyzer_plugin.dart:339:9)
<asynchronous suspension>
#7      PendingOperation.run (package:custom_lint/src/async_operation.dart:22:14)
<asynchronous suspension>
#8      CustomLintServer._handleRequest (package:custom_lint/src/v2/custom_lint_analyzer_plugin.dart:171:22)
<asynchronous suspension>

The request analysis.setContextRoots failed with the following error:
RequestErrorCode.PLUGIN_ERROR
The environment "sdk" has incompatible version constraints in the project:
- ">=2.18.0-10.0.dev <3.0.0"
  from "flutter_test_app" at "./Users/changlifeng/Desktop/flutter_test_app/pubspec.yaml".

at:
#0      CustomLintWorkspace._writeEnvironment (package:custom_lint/src/workspace.dart:569:9)
#1      CustomLintWorkspace.computePubspec (package:custom_lint/src/workspace.dart:537:5)
#2      CustomLintWorkspace.resolvePluginHost (package:custom_lint/src/workspace.dart:797:28)
#3      SocketCustomLintServerToClientChannel._startProcess (package:custom_lint/src/v2/server_to_client_channel.dart:151:24)
#4      SocketCustomLintServerToClientChannel.init (package:custom_lint/src/v2/server_to_client_channel.dart:110:22)
#5      CustomLintServer._maybeSpawnCustomLintPlugin (package:custom_lint/src/v2/custom_lint_analyzer_plugin.dart:392:25)
<asynchronous suspension>
#6      CustomLintServer._handleAnalysisSetContextRoots.<anonymous closure> (package:custom_lint/src/v2/custom_lint_analyzer_plugin.dart:339:9)
<asynchronous suspension>
#7      PendingOperation.run (package:custom_lint/src/async_operation.dart:22:14)
<asynchronous suspension>
#8      CustomLintServer._handleRequest (package:custom_lint/src/v2/custom_lint_analyzer_plugin.dart:171:22)
<asynchronous suspension>

The request analysis.setContextRoots failed with the following error:
RequestErrorCode.PLUGIN_ERROR
The environment "sdk" has incompatible version constraints in the project:
- ">=2.18.0-10.0.dev <3.0.0"
  from "flutter_test_app" at "./Users/changlifeng/Desktop/flutter_test_app/pubspec.yaml".

at:
#0      CustomLintWorkspace._writeEnvironment (package:custom_lint/src/workspace.dart:569:9)
#1      CustomLintWorkspace.computePubspec (package:custom_lint/src/workspace.dart:537:5)
#2      CustomLintWorkspace.resolvePluginHost (package:custom_lint/src/workspace.dart:797:28)
#3      SocketCustomLintServerToClientChannel._startProcess (package:custom_lint/src/v2/server_to_client_channel.dart:151:24)
#4      SocketCustomLintServerToClientChannel.init (package:custom_lint/src/v2/server_to_client_channel.dart:110:22)
#5      CustomLintServer._maybeSpawnCustomLintPlugin (package:custom_lint/src/v2/custom_lint_analyzer_plugin.dart:392:25)
<asynchronous suspension>
#6      CustomLintServer._handleAnalysisSetContextRoots.<anonymous closure> (package:custom_lint/src/v2/custom_lint_analyzer_plugin.dart:339:9)
<asynchronous suspension>
#7      PendingOperation.run (package:custom_lint/src/async_operation.dart:22:14)
<asynchronous suspension>
#8      CustomLintServer._handleRequest (package:custom_lint/src/v2/custom_lint_analyzer_plugin.dart:171:22)
<asynchronous suspension>

The request analysis.setContextRoots failed with the following error:
RequestErrorCode.PLUGIN_ERROR
The environment "sdk" has incompatible version constraints in the project:
- ">=2.18.0-10.0.dev <3.0.0"
  from "flutter_test_app" at "./Users/changlifeng/Desktop/flutter_test_app/pubspec.yaml".

at:
#0      CustomLintWorkspace._writeEnvironment (package:custom_lint/src/workspace.dart:569:9)
#1      CustomLintWorkspace.computePubspec (package:custom_lint/src/workspace.dart:537:5)
#2      CustomLintWorkspace.resolvePluginHost (package:custom_lint/src/workspace.dart:797:28)
#3      SocketCustomLintServerToClientChannel._startProcess (package:custom_lint/src/v2/server_to_client_channel.dart:151:24)
#4      SocketCustomLintServerToClientChannel.init (package:custom_lint/src/v2/server_to_client_channel.dart:110:22)
#5      CustomLintServer._maybeSpawnCustomLintPlugin (package:custom_lint/src/v2/custom_lint_analyzer_plugin.dart:392:25)
<asynchronous suspension>
#6      CustomLintServer._handleAnalysisSetContextRoots.<anonymous closure> (package:custom_lint/src/v2/custom_lint_analyzer_plugin.dart:339:9)
<asynchronous suspension>
#7      PendingOperation.run (package:custom_lint/src/async_operation.dart:22:14)
<asynchronous suspension>
#8      CustomLintServer._handleRequest (package:custom_lint/src/v2/custom_lint_analyzer_plugin.dart:171:22)
<asynchronous suspension>

The request analysis.setContextRoots failed with the following error:
RequestErrorCode.PLUGIN_ERROR
The environment "sdk" has incompatible version constraints in the project:
- ">=2.18.0-10.0.dev <3.0.0"
  from "flutter_test_app" at "./Users/changlifeng/Desktop/flutter_test_app/pubspec.yaml".

at:
#0      CustomLintWorkspace._writeEnvironment (package:custom_lint/src/workspace.dart:569:9)
#1      CustomLintWorkspace.computePubspec (package:custom_lint/src/workspace.dart:537:5)
#2      CustomLintWorkspace.resolvePluginHost (package:custom_lint/src/workspace.dart:797:28)
#3      SocketCustomLintServerToClientChannel._startProcess (package:custom_lint/src/v2/server_to_client_channel.dart:151:24)
#4      SocketCustomLintServerToClientChannel.init (package:custom_lint/src/v2/server_to_client_channel.dart:110:22)
#5      CustomLintServer._maybeSpawnCustomLintPlugin (package:custom_lint/src/v2/custom_lint_analyzer_plugin.dart:392:25)
<asynchronous suspension>
#6      CustomLintServer._handleAnalysisSetContextRoots.<anonymous closure> (package:custom_lint/src/v2/custom_lint_analyzer_plugin.dart:339:9)
<asynchronous suspension>
#7      PendingOperation.run (package:custom_lint/src/async_operation.dart:22:14)
<asynchronous suspension>
#8      CustomLintServer._handleRequest (package:custom_lint/src/v2/custom_lint_analyzer_plugin.dart:171:22)
<asynchronous suspension>

The request analysis.setContextRoots failed with the following error:
RequestErrorCode.PLUGIN_ERROR
The environment "sdk" has incompatible version constraints in the project:
- ">=2.18.0-10.0.dev <3.0.0"
  from "flutter_test_app" at "./Users/changlifeng/Desktop/flutter_test_app/pubspec.yaml".

at:
#0      CustomLintWorkspace._writeEnvironment (package:custom_lint/src/workspace.dart:569:9)
#1      CustomLintWorkspace.computePubspec (package:custom_lint/src/workspace.dart:537:5)
#2      CustomLintWorkspace.resolvePluginHost (package:custom_lint/src/workspace.dart:797:28)
#3      SocketCustomLintServerToClientChannel._startProcess (package:custom_lint/src/v2/server_to_client_channel.dart:151:24)
#4      SocketCustomLintServerToClientChannel.init (package:custom_lint/src/v2/server_to_client_channel.dart:110:22)
#5      CustomLintServer._maybeSpawnCustomLintPlugin (package:custom_lint/src/v2/custom_lint_analyzer_plugin.dart:392:25)
<asynchronous suspension>
#6      CustomLintServer._handleAnalysisSetContextRoots.<anonymous closure> (package:custom_lint/src/v2/custom_lint_analyzer_plugin.dart:339:9)
<asynchronous suspension>
#7      PendingOperation.run (package:custom_lint/src/async_operation.dart:22:14)
<asynchronous suspension>
#8      CustomLintServer._handleRequest (package:custom_lint/src/v2/custom_lint_analyzer_plugin.dart:171:22)
<asynchronous suspension>

The request analysis.setContextRoots failed with the following error:
RequestErrorCode.PLUGIN_ERROR
The environment "sdk" has incompatible version constraints in the project:
- ">=2.18.0-10.0.dev <3.0.0"
  from "flutter_test_app" at "./Users/changlifeng/Desktop/flutter_test_app/pubspec.yaml".

at:
#0      CustomLintWorkspace._writeEnvironment (package:custom_lint/src/workspace.dart:569:9)
#1      CustomLintWorkspace.computePubspec (package:custom_lint/src/workspace.dart:537:5)
#2      CustomLintWorkspace.resolvePluginHost (package:custom_lint/src/workspace.dart:797:28)
#3      SocketCustomLintServerToClientChannel._startProcess (package:custom_lint/src/v2/server_to_client_channel.dart:151:24)
#4      SocketCustomLintServerToClientChannel.init (package:custom_lint/src/v2/server_to_client_channel.dart:110:22)
#5      CustomLintServer._maybeSpawnCustomLintPlugin (package:custom_lint/src/v2/custom_lint_analyzer_plugin.dart:392:25)
<asynchronous suspension>
#6      CustomLintServer._handleAnalysisSetContextRoots.<anonymous closure> (package:custom_lint/src/v2/custom_lint_analyzer_plugin.dart:339:9)
<asynchronous suspension>
#7      PendingOperation.run (package:custom_lint/src/async_operation.dart:22:14)
<asynchronous suspension>
#8      CustomLintServer._handleRequest (package:custom_lint/src/v2/custom_lint_analyzer_plugin.dart:171:22)
<asynchronous suspension>

The request analysis.setContextRoots failed with the following error:
RequestErrorCode.PLUGIN_ERROR
The environment "sdk" has incompatible version constraints in the project:
- ">=2.18.0-10.0.dev <3.0.0"
  from "flutter_test_app" at "./Users/changlifeng/Desktop/flutter_test_app/pubspec.yaml".

at:
#0      CustomLintWorkspace._writeEnvironment (package:custom_lint/src/workspace.dart:569:9)
#1      CustomLintWorkspace.computePubspec (package:custom_lint/src/workspace.dart:537:5)
#2      CustomLintWorkspace.resolvePluginHost (package:custom_lint/src/workspace.dart:797:28)
#3      SocketCustomLintServerToClientChannel._startProcess (package:custom_lint/src/v2/server_to_client_channel.dart:151:24)
#4      SocketCustomLintServerToClientChannel.init (package:custom_lint/src/v2/server_to_client_channel.dart:110:22)
#5      CustomLintServer._maybeSpawnCustomLintPlugin (package:custom_lint/src/v2/custom_lint_analyzer_plugin.dart:392:25)
<asynchronous suspension>
#6      CustomLintServer._handleAnalysisSetContextRoots.<anonymous closure> (package:custom_lint/src/v2/custom_lint_analyzer_plugin.dart:339:9)
<asynchronous suspension>
#7      PendingOperation.run (package:custom_lint/src/async_operation.dart:22:14)
<asynchronous suspension>
#8      CustomLintServer._handleRequest (package:custom_lint/src/v2/custom_lint_analyzer_plugin.dart:171:22)
<asynchronous suspension>

The request analysis.setContextRoots failed with the following error:
RequestErrorCode.PLUGIN_ERROR
The environment "sdk" has incompatible version constraints in the project:
- ">=2.18.0-10.0.dev <3.0.0"
  from "flutter_test_app" at "./Users/changlifeng/Desktop/flutter_test_app/pubspec.yaml".

at:
#0      CustomLintWorkspace._writeEnvironment (package:custom_lint/src/workspace.dart:569:9)
#1      CustomLintWorkspace.computePubspec (package:custom_lint/src/workspace.dart:537:5)
#2      CustomLintWorkspace.resolvePluginHost (package:custom_lint/src/workspace.dart:797:28)
#3      SocketCustomLintServerToClientChannel._startProcess (package:custom_lint/src/v2/server_to_client_channel.dart:151:24)
#4      SocketCustomLintServerToClientChannel.init (package:custom_lint/src/v2/server_to_client_channel.dart:110:22)
#5      CustomLintServer._maybeSpawnCustomLintPlugin (package:custom_lint/src/v2/custom_lint_analyzer_plugin.dart:392:25)
<asynchronous suspension>
#6      CustomLintServer._handleAnalysisSetContextRoots.<anonymous closure> (package:custom_lint/src/v2/custom_lint_analyzer_plugin.dart:339:9)
<asynchronous suspension>
#7      PendingOperation.run (package:custom_lint/src/async_operation.dart:22:14)
<asynchronous suspension>
#8      CustomLintServer._handleRequest (package:custom_lint/src/v2/custom_lint_analyzer_plugin.dart:171:22)
<asynchronous suspension>

The request analysis.setContextRoots failed with the following error:
RequestErrorCode.PLUGIN_ERROR
The environment "sdk" has incompatible version constraints in the project:
- ">=2.18.0-10.0.dev <3.0.0"
  from "flutter_test_app" at "./Users/changlifeng/Desktop/flutter_test_app/pubspec.yaml".

at:
#0      CustomLintWorkspace._writeEnvironment (package:custom_lint/src/workspace.dart:569:9)
#1      CustomLintWorkspace.computePubspec (package:custom_lint/src/workspace.dart:537:5)
#2      CustomLintWorkspace.resolvePluginHost (package:custom_lint/src/workspace.dart:797:28)
#3      SocketCustomLintServerToClientChannel._startProcess (package:custom_lint/src/v2/server_to_client_channel.dart:151:24)
#4      SocketCustomLintServerToClientChannel.init (package:custom_lint/src/v2/server_to_client_channel.dart:110:22)
#5      CustomLintServer._maybeSpawnCustomLintPlugin (package:custom_lint/src/v2/custom_lint_analyzer_plugin.dart:392:25)
<asynchronous suspension>
#6      CustomLintServer._handleAnalysisSetContextRoots.<anonymous closure> (package:custom_lint/src/v2/custom_lint_analyzer_plugin.dart:339:9)
<asynchronous suspension>
#7      PendingOperation.run (package:custom_lint/src/async_operation.dart:22:14)
<asynchronous suspension>
#8      CustomLintServer._handleRequest (package:custom_lint/src/v2/custom_lint_analyzer_plugin.dart:171:22)
<asynchronous suspension>

The request analysis.setContextRoots failed with the following error:
RequestErrorCode.PLUGIN_ERROR
The environment "sdk" has incompatible version constraints in the project:
- ">=2.18.0-10.0.dev <3.0.0"
  from "flutter_test_app" at "./Users/changlifeng/Desktop/flutter_test_app/pubspec.yaml".

at:
#0      CustomLintWorkspace._writeEnvironment (package:custom_lint/src/workspace.dart:569:9)
#1      CustomLintWorkspace.computePubspec (package:custom_lint/src/workspace.dart:537:5)
#2      CustomLintWorkspace.resolvePluginHost (package:custom_lint/src/workspace.dart:797:28)
#3      SocketCustomLintServerToClientChannel._startProcess (package:custom_lint/src/v2/server_to_client_channel.dart:151:24)
#4      SocketCustomLintServerToClientChannel.init (package:custom_lint/src/v2/server_to_client_channel.dart:110:22)
#5      CustomLintServer._maybeSpawnCustomLintPlugin (package:custom_lint/src/v2/custom_lint_analyzer_plugin.dart:392:25)
<asynchronous suspension>
#6      CustomLintServer._handleAnalysisSetContextRoots.<anonymous closure> (package:custom_lint/src/v2/custom_lint_analyzer_plugin.dart:339:9)
<asynchronous suspension>
#7      PendingOperation.run (package:custom_lint/src/async_operation.dart:22:14)
<asynchronous suspension>
#8      CustomLintServer._handleRequest (package:custom_lint/src/v2/custom_lint_analyzer_plugin.dart:171:22)
<asynchronous suspension>

The request analysis.setContextRoots failed with the following error:
RequestErrorCode.PLUGIN_ERROR
The environment "sdk" has incompatible version constraints in the project:
- ">=2.18.0-10.0.dev <3.0.0"
  from "flutter_test_app" at "./Users/changlifeng/Desktop/flutter_test_app/pubspec.yaml".

at:
#0      CustomLintWorkspace._writeEnvironment (package:custom_lint/src/workspace.dart:569:9)
#1      CustomLintWorkspace.computePubspec (package:custom_lint/src/workspace.dart:537:5)
#2      CustomLintWorkspace.resolvePluginHost (package:custom_lint/src/workspace.dart:797:28)
#3      SocketCustomLintServerToClientChannel._startProcess (package:custom_lint/src/v2/server_to_client_channel.dart:151:24)
#4      SocketCustomLintServerToClientChannel.init (package:custom_lint/src/v2/server_to_client_channel.dart:110:22)
#5      CustomLintServer._maybeSpawnCustomLintPlugin (package:custom_lint/src/v2/custom_lint_analyzer_plugin.dart:392:25)
<asynchronous suspension>
#6      CustomLintServer._handleAnalysisSetContextRoots.<anonymous closure> (package:custom_lint/src/v2/custom_lint_analyzer_plugin.dart:339:9)
<asynchronous suspension>
#7      PendingOperation.run (package:custom_lint/src/async_operation.dart:22:14)
<asynchronous suspension>
#8      CustomLintServer._handleRequest (package:custom_lint/src/v2/custom_lint_analyzer_plugin.dart:171:22)
<asynchronous suspension>

The request analysis.setContextRoots failed with the following error:
RequestErrorCode.PLUGIN_ERROR
The environment "sdk" has incompatible version constraints in the project:
- ">=2.18.0-10.0.dev <3.0.0"
  from "flutter_test_app" at "./Users/changlifeng/Desktop/flutter_test_app/pubspec.yaml".

at:
#0      CustomLintWorkspace._writeEnvironment (package:custom_lint/src/workspace.dart:569:9)
#1      CustomLintWorkspace.computePubspec (package:custom_lint/src/workspace.dart:537:5)
#2      CustomLintWorkspace.resolvePluginHost (package:custom_lint/src/workspace.dart:797:28)
#3      SocketCustomLintServerToClientChannel._startProcess (package:custom_lint/src/v2/server_to_client_channel.dart:151:24)
#4      SocketCustomLintServerToClientChannel.init (package:custom_lint/src/v2/server_to_client_channel.dart:110:22)
#5      CustomLintServer._maybeSpawnCustomLintPlugin (package:custom_lint/src/v2/custom_lint_analyzer_plugin.dart:392:25)
<asynchronous suspension>
#6      CustomLintServer._handleAnalysisSetContextRoots.<anonymous closure> (package:custom_lint/src/v2/custom_lint_analyzer_plugin.dart:339:9)
<asynchronous suspension>
#7      PendingOperation.run (package:custom_lint/src/async_operation.dart:22:14)
<asynchronous suspension>
#8      CustomLintServer._handleRequest (package:custom_lint/src/v2/custom_lint_analyzer_plugin.dart:171:22)
<asynchronous suspension>

The request analysis.setContextRoots failed with the following error:
RequestErrorCode.PLUGIN_ERROR
The environment "sdk" has incompatible version constraints in the project:
- ">=2.18.0-10.0.dev <3.0.0"
  from "flutter_test_app" at "./Users/changlifeng/Desktop/flutter_test_app/pubspec.yaml".

at:
#0      CustomLintWorkspace._writeEnvironment (package:custom_lint/src/workspace.dart:569:9)
#1      CustomLintWorkspace.computePubspec (package:custom_lint/src/workspace.dart:537:5)
#2      CustomLintWorkspace.resolvePluginHost (package:custom_lint/src/workspace.dart:797:28)
#3      SocketCustomLintServerToClientChannel._startProcess (package:custom_lint/src/v2/server_to_client_channel.dart:151:24)
#4      SocketCustomLintServerToClientChannel.init (package:custom_lint/src/v2/server_to_client_channel.dart:110:22)
#5      CustomLintServer._maybeSpawnCustomLintPlugin (package:custom_lint/src/v2/custom_lint_analyzer_plugin.dart:392:25)
<asynchronous suspension>
#6      CustomLintServer._handleAnalysisSetContextRoots.<anonymous closure> (package:custom_lint/src/v2/custom_lint_analyzer_plugin.dart:339:9)
<asynchronous suspension>
#7      PendingOperation.run (package:custom_lint/src/async_operation.dart:22:14)
<asynchronous suspension>
#8      CustomLintServer._handleRequest (package:custom_lint/src/v2/custom_lint_analyzer_plugin.dart:171:22)
<asynchronous suspension>

The request analysis.setContextRoots failed with the following error:
RequestErrorCode.PLUGIN_ERROR
The environment "sdk" has incompatible version constraints in the project:
- ">=2.18.0-10.0.dev <3.0.0"
  from "flutter_turntable_earning_app" at "./Users/changlifeng/Desktop/flutter_test_app/pubspec.yaml".

at:
#0      CustomLintWorkspace._writeEnvironment (package:custom_lint/src/workspace.dart:569:9)
#1      CustomLintWorkspace.computePubspec (package:custom_lint/src/workspace.dart:537:5)
#2      CustomLintWorkspace.resolvePluginHost (package:custom_lint/src/workspace.dart:797:28)
#3      SocketCustomLintServerToClientChannel._startProcess (package:custom_lint/src/v2/server_to_client_channel.dart:151:24)
#4      SocketCustomLintServerToClientChannel.init (package:custom_lint/src/v2/server_to_client_channel.dart:110:22)
#5      CustomLintServer._maybeSpawnCustomLintPlugin (package:custom_lint/src/v2/custom_lint_analyzer_plugin.dart:392:25)
<asynchronous suspension>
#6      CustomLintServer._handleAnalysisSetContextRoots.<anonymous closure> (package:custom_lint/src/v2/custom_lint_analyzer_plugin.dart:339:9)
<asynchronous suspension>
#7      PendingOperation.run (package:custom_lint/src/async_operation.dart:22:14)
<asynchronous suspension>
#8      CustomLintServer._handleRequest (package:custom_lint/src/v2/custom_lint_analyzer_plugin.dart:171:22)
<asynchronous suspension>

The request analysis.setContextRoots failed with the following error:
RequestErrorCode.PLUGIN_ERROR
The environment "sdk" has incompatible version constraints in the project:
- ">=2.18.0-10.0.dev <3.0.0"
  from "flutter_turntable_earning_app" at "./Users/changlifeng/Desktop/flutter_turntable_learning_app/pubspec.yaml".

at:
#0      CustomLintWorkspace._writeEnvironment (package:custom_lint/src/workspace.dart:569:9)
#1      CustomLintWorkspace.computePubspec (package:custom_lint/src/workspace.dart:537:5)
#2      CustomLintWorkspace.resolvePluginHost (package:custom_lint/src/workspace.dart:797:28)
#3      SocketCustomLintServerToClientChannel._startProcess (package:custom_lint/src/v2/server_to_client_channel.dart:151:24)
#4      SocketCustomLintServerToClientChannel.init (package:custom_lint/src/v2/server_to_client_channel.dart:110:22)
#5      CustomLintServer._maybeSpawnCustomLintPlugin (package:custom_lint/src/v2/custom_lint_analyzer_plugin.dart:392:25)
<asynchronous suspension>
#6      CustomLintServer._handleAnalysisSetContextRoots.<anonymous closure> (package:custom_lint/src/v2/custom_lint_analyzer_plugin.dart:339:9)
<asynchronous suspension>
#7      PendingOperation.run (package:custom_lint/src/async_operation.dart:22:14)
<asynchronous suspension>
#8      CustomLintServer._handleRequest (package:custom_lint/src/v2/custom_lint_analyzer_plugin.dart:171:22)
<asynchronous suspension>

The request analysis.setContextRoots failed with the following error:
RequestErrorCode.PLUGIN_ERROR
The environment "sdk" has incompatible version constraints in the project:
- ">=2.18.0-10.0.dev <3.0.0"
  from "flutter_turntable_learning_app" at "./Users/changlifeng/Desktop/flutter_turntable_learning_app/pubspec.yaml".

at:
#0      CustomLintWorkspace._writeEnvironment (package:custom_lint/src/workspace.dart:569:9)
#1      CustomLintWorkspace.computePubspec (package:custom_lint/src/workspace.dart:537:5)
#2      CustomLintWorkspace.resolvePluginHost (package:custom_lint/src/workspace.dart:797:28)
#3      SocketCustomLintServerToClientChannel._startProcess (package:custom_lint/src/v2/server_to_client_channel.dart:151:24)
#4      SocketCustomLintServerToClientChannel.init (package:custom_lint/src/v2/server_to_client_channel.dart:110:22)
#5      CustomLintServer._maybeSpawnCustomLintPlugin (package:custom_lint/src/v2/custom_lint_analyzer_plugin.dart:392:25)
<asynchronous suspension>
#6      CustomLintServer._handleAnalysisSetContextRoots.<anonymous closure> (package:custom_lint/src/v2/custom_lint_analyzer_plugin.dart:339:9)
<asynchronous suspension>
#7      PendingOperation.run (package:custom_lint/src/async_operation.dart:22:14)
<asynchronous suspension>
#8      CustomLintServer._handleRequest (package:custom_lint/src/v2/custom_lint_analyzer_plugin.dart:171:22)
<asynchronous suspension>

The request analysis.setContextRoots failed with the following error:
RequestErrorCode.PLUGIN_ERROR
The environment "sdk" has incompatible version constraints in the project:
- ">=2.18.0-10.0.dev <3.0.0"
  from "flutter_turntable_learning_app" at "./Users/changlifeng/Desktop/flutter_turntable_learning_app/pubspec.yaml".

at:
#0      CustomLintWorkspace._writeEnvironment (package:custom_lint/src/workspace.dart:569:9)
#1      CustomLintWorkspace.computePubspec (package:custom_lint/src/workspace.dart:537:5)
#2      CustomLintWorkspace.resolvePluginHost (package:custom_lint/src/workspace.dart:797:28)
#3      SocketCustomLintServerToClientChannel._startProcess (package:custom_lint/src/v2/server_to_client_channel.dart:151:24)
#4      SocketCustomLintServerToClientChannel.init (package:custom_lint/src/v2/server_to_client_channel.dart:110:22)
#5      CustomLintServer._maybeSpawnCustomLintPlugin (package:custom_lint/src/v2/custom_lint_analyzer_plugin.dart:392:25)
<asynchronous suspension>
#6      CustomLintServer._handleAnalysisSetContextRoots.<anonymous closure> (package:custom_lint/src/v2/custom_lint_analyzer_plugin.dart:339:9)
<asynchronous suspension>
#7      PendingOperation.run (package:custom_lint/src/async_operation.dart:22:14)
<asynchronous suspension>
#8      CustomLintServer._handleRequest (package:custom_lint/src/v2/custom_lint_analyzer_plugin.dart:171:22)
<asynchronous suspension>

The request analysis.setContextRoots failed with the following error:
RequestErrorCode.PLUGIN_ERROR
The environment "sdk" has incompatible version constraints in the project:
- ">=2.18.0-10.0.dev <3.0.0"
  from "flutter_turntable_learning_app" at "./Users/changlifeng/Desktop/flutter_turntable_learning_app/pubspec.yaml".

at:
#0      CustomLintWorkspace._writeEnvironment (package:custom_lint/src/workspace.dart:569:9)
#1      CustomLintWorkspace.computePubspec (package:custom_lint/src/workspace.dart:537:5)
#2      CustomLintWorkspace.resolvePluginHost (package:custom_lint/src/workspace.dart:797:28)
#3      SocketCustomLintServerToClientChannel._startProcess (package:custom_lint/src/v2/server_to_client_channel.dart:151:24)
#4      SocketCustomLintServerToClientChannel.init (package:custom_lint/src/v2/server_to_client_channel.dart:110:22)
#5      CustomLintServer._maybeSpawnCustomLintPlugin (package:custom_lint/src/v2/custom_lint_analyzer_plugin.dart:392:25)
<asynchronous suspension>
#6      CustomLintServer._handleAnalysisSetContextRoots.<anonymous closure> (package:custom_lint/src/v2/custom_lint_analyzer_plugin.dart:339:9)
<asynchronous suspension>
#7      PendingOperation.run (package:custom_lint/src/async_operation.dart:22:14)
<asynchronous suspension>
#8      CustomLintServer._handleRequest (package:custom_lint/src/v2/custom_lint_analyzer_plugin.dart:171:22)
<asynchronous suspension>

The request analysis.setContextRoots failed with the following error:
RequestErrorCode.PLUGIN_ERROR
The environment "sdk" has incompatible version constraints in the project:
- ">=2.18.0-10.0.dev <3.0.0"
  from "flutter_turntable_learning_app" at "./Users/changlifeng/Desktop/flutter_turntable_learning_app/pubspec.yaml".

at:
#0      CustomLintWorkspace._writeEnvironment (package:custom_lint/src/workspace.dart:569:9)
#1      CustomLintWorkspace.computePubspec (package:custom_lint/src/workspace.dart:537:5)
#2      CustomLintWorkspace.resolvePluginHost (package:custom_lint/src/workspace.dart:797:28)
#3      SocketCustomLintServerToClientChannel._startProcess (package:custom_lint/src/v2/server_to_client_channel.dart:151:24)
#4      SocketCustomLintServerToClientChannel.init (package:custom_lint/src/v2/server_to_client_channel.dart:110:22)
#5      CustomLintServer._maybeSpawnCustomLintPlugin (package:custom_lint/src/v2/custom_lint_analyzer_plugin.dart:392:25)
<asynchronous suspension>
#6      CustomLintServer._handleAnalysisSetContextRoots.<anonymous closure> (package:custom_lint/src/v2/custom_lint_analyzer_plugin.dart:339:9)
<asynchronous suspension>
#7      PendingOperation.run (package:custom_lint/src/async_operation.dart:22:14)
<asynchronous suspension>
#8      CustomLintServer._handleRequest (package:custom_lint/src/v2/custom_lint_analyzer_plugin.dart:171:22)
<asynchronous suspension>

The request analysis.setContextRoots failed with the following error:
RequestErrorCode.PLUGIN_ERROR
The environment "sdk" has incompatible version constraints in the project:
- ">=2.18.0-10.0.dev <3.0.0"
  from "flutter_turntable_learning_app" at "./Users/changlifeng/Desktop/flutter_turntable_learning_app/pubspec.yaml".

at:
#0      CustomLintWorkspace._writeEnvironment (package:custom_lint/src/workspace.dart:569:9)
#1      CustomLintWorkspace.computePubspec (package:custom_lint/src/workspace.dart:537:5)
#2      CustomLintWorkspace.resolvePluginHost (package:custom_lint/src/workspace.dart:797:28)
#3      SocketCustomLintServerToClientChannel._startProcess (package:custom_lint/src/v2/server_to_client_channel.dart:151:24)
#4      SocketCustomLintServerToClientChannel.init (package:custom_lint/src/v2/server_to_client_channel.dart:110:22)
#5      CustomLintServer._maybeSpawnCustomLintPlugin (package:custom_lint/src/v2/custom_lint_analyzer_plugin.dart:392:25)
<asynchronous suspension>
#6      CustomLintServer._handleAnalysisSetContextRoots.<anonymous closure> (package:custom_lint/src/v2/custom_lint_analyzer_plugin.dart:339:9)
<asynchronous suspension>
#7      PendingOperation.run (package:custom_lint/src/async_operation.dart:22:14)
<asynchronous suspension>
#8      CustomLintServer._handleRequest (package:custom_lint/src/v2/custom_lint_analyzer_plugin.dart:171:22)
<asynchronous suspension>

The request analysis.setContextRoots failed with the following error:
RequestErrorCode.PLUGIN_ERROR
The environment "sdk" has incompatible version constraints in the project:
- ">=2.18.0-10.0.dev <3.0.0"
  from "flutter_turntable_learning_app" at "./Users/changlifeng/Desktop/flutter_turntable_learning_app/pubspec.yaml".

at:
#0      CustomLintWorkspace._writeEnvironment (package:custom_lint/src/workspace.dart:569:9)
#1      CustomLintWorkspace.computePubspec (package:custom_lint/src/workspace.dart:537:5)
#2      CustomLintWorkspace.resolvePluginHost (package:custom_lint/src/workspace.dart:797:28)
#3      SocketCustomLintServerToClientChannel._startProcess (package:custom_lint/src/v2/server_to_client_channel.dart:151:24)
#4      SocketCustomLintServerToClientChannel.init (package:custom_lint/src/v2/server_to_client_channel.dart:110:22)
#5      CustomLintServer._maybeSpawnCustomLintPlugin (package:custom_lint/src/v2/custom_lint_analyzer_plugin.dart:392:25)
<asynchronous suspension>
#6      CustomLintServer._handleAnalysisSetContextRoots.<anonymous closure> (package:custom_lint/src/v2/custom_lint_analyzer_plugin.dart:339:9)
<asynchronous suspension>
#7      PendingOperation.run (package:custom_lint/src/async_operation.dart:22:14)
<asynchronous suspension>
#8      CustomLintServer._handleRequest (package:custom_lint/src/v2/custom_lint_analyzer_plugin.dart:171:22)
<asynchronous suspension>

The request analysis.setContextRoots failed with the following error:
RequestErrorCode.PLUGIN_ERROR
The environment "sdk" has incompatible version constraints in the project:
- ">=2.18.0-10.0.dev <3.0.0"
  from "flutter_turntable_learning_app" at "./Users/changlifeng/Desktop/flutter_turntable_learning_app/pubspec.yaml".

at:
#0      CustomLintWorkspace._writeEnvironment (package:custom_lint/src/workspace.dart:569:9)
#1      CustomLintWorkspace.computePubspec (package:custom_lint/src/workspace.dart:537:5)
#2      CustomLintWorkspace.resolvePluginHost (package:custom_lint/src/workspace.dart:797:28)
#3      SocketCustomLintServerToClientChannel._startProcess (package:custom_lint/src/v2/server_to_client_channel.dart:151:24)
#4      SocketCustomLintServerToClientChannel.init (package:custom_lint/src/v2/server_to_client_channel.dart:110:22)
#5      CustomLintServer._maybeSpawnCustomLintPlugin (package:custom_lint/src/v2/custom_lint_analyzer_plugin.dart:392:25)
<asynchronous suspension>
#6      CustomLintServer._handleAnalysisSetContextRoots.<anonymous closure> (package:custom_lint/src/v2/custom_lint_analyzer_plugin.dart:339:9)
<asynchronous suspension>
#7      PendingOperation.run (package:custom_lint/src/async_operation.dart:22:14)
<asynchronous suspension>
#8      CustomLintServer._handleRequest (package:custom_lint/src/v2/custom_lint_analyzer_plugin.dart:171:22)
<asynchronous suspension>

The request analysis.setContextRoots failed with the following error:
RequestErrorCode.PLUGIN_ERROR
The environment "sdk" has incompatible version constraints in the project:
- ">=2.18.0-10.0.dev <3.0.0"
  from "flutter_turntable_learning_app" at "./Users/changlifeng/Desktop/flutter_turntable_learning_app/pubspec.yaml".

at:
#0      CustomLintWorkspace._writeEnvironment (package:custom_lint/src/workspace.dart:569:9)
#1      CustomLintWorkspace.computePubspec (package:custom_lint/src/workspace.dart:537:5)
#2      CustomLintWorkspace.resolvePluginHost (package:custom_lint/src/workspace.dart:797:28)
#3      SocketCustomLintServerToClientChannel._startProcess (package:custom_lint/src/v2/server_to_client_channel.dart:151:24)
#4      SocketCustomLintServerToClientChannel.init (package:custom_lint/src/v2/server_to_client_channel.dart:110:22)
#5      CustomLintServer._maybeSpawnCustomLintPlugin (package:custom_lint/src/v2/custom_lint_analyzer_plugin.dart:392:25)
<asynchronous suspension>
#6      CustomLintServer._handleAnalysisSetContextRoots.<anonymous closure> (package:custom_lint/src/v2/custom_lint_analyzer_plugin.dart:339:9)
<asynchronous suspension>
#7      PendingOperation.run (package:custom_lint/src/async_operation.dart:22:14)
<asynchronous suspension>
#8      CustomLintServer._handleRequest (package:custom_lint/src/v2/custom_lint_analyzer_plugin.dart:171:22)
<asynchronous suspension>

